<?xml version="1.0" encoding="UTF-8"?>
<!-- Generated by org.testng.reporters.JUnitXMLReporter -->
<testsuite hostname="TI12215-BLR-L" ignored="0" name="Default test" tests="2" failures="0" timestamp="04 Nov 2020 10:59:50 GMT" time="1354.048" errors="0">
  <testcase name="FE_LoanOnboarding002:Smoke Scenario Borrower LoanOnboarding With TestData :17bc:FE_1003-117b" time="494.144" classname="com.tavant.kwutils.MyTestCaseExecuter"/>
  <testcase name="FE_LoanOnboarding001:Smoke Scenario Borrower-New User and Co-Borrower-Existing User LoanOnboarding With TestData :100:FE_Facta-001" time="858.219" classname="com.tavant.kwutils.MyTestCaseExecuter"/>
</testsuite> <!-- Default test -->
