# JRE version: Java(TM) SE Runtime Environment (8.0_161-b12) (build 1.8.0_161-b12)
# Java VM: Java HotSpot(TM) 64-Bit Server VM (25.161-b12 mixed mode windows-amd64 compressed oops)
Heap:
 PSYoungGen      total 67584K, used 15360K [0x000000076b300000, 0x000000076f980000, 0x00000007c0000000)
  eden space 65024K, 21% used [0x000000076b300000,0x000000076c0ac230,0x000000076f280000)
  from space 2560K, 53% used [0x000000076f700000,0x000000076f853fb0,0x000000076f980000)
  to   space 3584K, 0% used [0x000000076f280000,0x000000076f280000,0x000000076f600000)
 ParOldGen       total 98816K, used 10758K [0x00000006c1800000, 0x00000006c7880000, 0x000000076b300000)
  object space 98816K, 10% used [0x00000006c1800000,0x00000006c2281bc8,0x00000006c7880000)
 Metaspace       used 21773K, capacity 22736K, committed 22960K, reserved 1069056K
  class space    used 2510K, capacity 2778K, committed 2816K, reserved 1048576K
GC Heap History (10 events):
Event: 1249.731 GC heap before
{Heap before GC invocations=47 (full 1):
 PSYoungGen      total 74240K, used 73737K [0x000000076b300000, 0x0000000770100000, 0x00000007c0000000)
  eden space 71680K, 100% used [0x000000076b300000,0x000000076f900000,0x000000076f900000)
  from space 2560K, 80% used [0x000000076fa80000,0x000000076fc82498,0x000000076fd00000)
  to   space 4096K, 0% used [0x000000076fd00000,0x000000076fd00000,0x0000000770100000)
 ParOldGen       total 98816K, used 10718K [0x00000006c1800000, 0x00000006c7880000, 0x000000076b300000)
  object space 98816K, 10% used [0x00000006c1800000,0x00000006c2277bc8,0x00000006c7880000)
 Metaspace       used 21728K, capacity 22730K, committed 22960K, reserved 1069056K
  class space    used 2507K, capacity 2777K, committed 2816K, reserved 1048576K
Event: 1249.732 GC heap after
Heap after GC invocations=47 (full 1):
 PSYoungGen      total 72704K, used 1801K [0x000000076b300000, 0x000000076ff80000, 0x00000007c0000000)
  eden space 70144K, 0% used [0x000000076b300000,0x000000076b300000,0x000000076f780000)
  from space 2560K, 70% used [0x000000076fd00000,0x000000076fec2498,0x000000076ff80000)
  to   space 4096K, 0% used [0x000000076f780000,0x000000076f780000,0x000000076fb80000)
 ParOldGen       total 98816K, used 10718K [0x00000006c1800000, 0x00000006c7880000, 0x000000076b300000)
  object space 98816K, 10% used [0x00000006c1800000,0x00000006c2277bc8,0x00000006c7880000)
 Metaspace       used 21728K, capacity 22730K, committed 22960K, reserved 1069056K
  class space    used 2507K, capacity 2777K, committed 2816K, reserved 1048576K
}
Event: 1301.513 GC heap before
{Heap before GC invocations=48 (full 1):
 PSYoungGen      total 72704K, used 71945K [0x000000076b300000, 0x000000076ff80000, 0x00000007c0000000)
  eden space 70144K, 100% used [0x000000076b300000,0x000000076f780000,0x000000076f780000)
  from space 2560K, 70% used [0x000000076fd00000,0x000000076fec2498,0x000000076ff80000)
  to   space 4096K, 0% used [0x000000076f780000,0x000000076f780000,0x000000076fb80000)
 ParOldGen       total 98816K, used 10718K [0x00000006c1800000, 0x00000006c7880000, 0x000000076b300000)
  object space 98816K, 10% used [0x00000006c1800000,0x00000006c2277bc8,0x00000006c7880000)
 Metaspace       used 21728K, capacity 22730K, committed 22960K, reserved 1069056K
  class space    used 2507K, capacity 2777K, committed 2816K, reserved 1048576K
Event: 1301.514 GC heap after
Heap after GC invocations=48 (full 1):
 PSYoungGen      total 70656K, used 1625K [0x000000076b300000, 0x000000076fe00000, 0x00000007c0000000)
  eden space 68608K, 0% used [0x000000076b300000,0x000000076b300000,0x000000076f600000)
  from space 2048K, 79% used [0x000000076f780000,0x000000076f916498,0x000000076f980000)
  to   space 4096K, 0% used [0x000000076fa00000,0x000000076fa00000,0x000000076fe00000)
 ParOldGen       total 98816K, used 10718K [0x00000006c1800000, 0x00000006c7880000, 0x000000076b300000)
  object space 98816K, 10% used [0x00000006c1800000,0x00000006c2277bc8,0x00000006c7880000)
 Metaspace       used 21728K, capacity 22730K, committed 22960K, reserved 1069056K
  class space    used 2507K, capacity 2777K, committed 2816K, reserved 1048576K
}
Event: 1348.815 GC heap before
{Heap before GC invocations=49 (full 1):
 PSYoungGen      total 70656K, used 70233K [0x000000076b300000, 0x000000076fe00000, 0x00000007c0000000)
  eden space 68608K, 100% used [0x000000076b300000,0x000000076f600000,0x000000076f600000)
  from space 2048K, 79% used [0x000000076f780000,0x000000076f916498,0x000000076f980000)
  to   space 4096K, 0% used [0x000000076fa00000,0x000000076fa00000,0x000000076fe00000)
 ParOldGen       total 98816K, used 10718K [0x00000006c1800000, 0x00000006c7880000, 0x000000076b300000)
  object space 98816K, 10% used [0x00000006c1800000,0x00000006c2277bc8,0x00000006c7880000)
 Metaspace       used 21729K, capacity 22730K, committed 22960K, reserved 1069056K
  class space    used 2507K, capacity 2777K, committed 2816K, reserved 1048576K
Event: 1348.843 GC heap after
Heap after GC invocations=49 (full 1):
 PSYoungGen      total 69632K, used 2113K [0x000000076b300000, 0x000000076fc80000, 0x00000007c0000000)
  eden space 67072K, 0% used [0x000000076b300000,0x000000076b300000,0x000000076f480000)
  from space 2560K, 82% used [0x000000076fa00000,0x000000076fc10678,0x000000076fc80000)
  to   space 4096K, 0% used [0x000000076f480000,0x000000076f480000,0x000000076f880000)
 ParOldGen       total 98816K, used 10758K [0x00000006c1800000, 0x00000006c7880000, 0x000000076b300000)
  object space 98816K, 10% used [0x00000006c1800000,0x00000006c2281bc8,0x00000006c7880000)
 Metaspace       used 21729K, capacity 22730K, committed 22960K, reserved 1069056K
  class space    used 2507K, capacity 2777K, committed 2816K, reserved 1048576K
}
Event: 1376.140 GC heap before
{Heap before GC invocations=50 (full 1):
 PSYoungGen      total 69632K, used 69185K [0x000000076b300000, 0x000000076fc80000, 0x00000007c0000000)
  eden space 67072K, 100% used [0x000000076b300000,0x000000076f480000,0x000000076f480000)
  from space 2560K, 82% used [0x000000076fa00000,0x000000076fc10678,0x000000076fc80000)
  to   space 4096K, 0% used [0x000000076f480000,0x000000076f480000,0x000000076f880000)
 ParOldGen       total 98816K, used 10758K [0x00000006c1800000, 0x00000006c7880000, 0x000000076b300000)
  object space 98816K, 10% used [0x00000006c1800000,0x00000006c2281bc8,0x00000006c7880000)
 Metaspace       used 21729K, capacity 22730K, committed 22960K, reserved 1069056K
  class space    used 2507K, capacity 2777K, committed 2816K, reserved 1048576K
Event: 1376.141 GC heap after
Heap after GC invocations=50 (full 1):
 PSYoungGen      total 67584K, used 1095K [0x000000076b300000, 0x000000076fa80000, 0x00000007c0000000)
  eden space 66048K, 0% used [0x000000076b300000,0x000000076b300000,0x000000076f380000)
  from space 1536K, 71% used [0x000000076f480000,0x000000076f591ee8,0x000000076f600000)
  to   space 3584K, 0% used [0x000000076f700000,0x000000076f700000,0x000000076fa80000)
 ParOldGen       total 98816K, used 10758K [0x00000006c1800000, 0x00000006c7880000, 0x000000076b300000)
  object space 98816K, 10% used [0x00000006c1800000,0x00000006c2281bc8,0x00000006c7880000)
 Metaspace       used 21729K, capacity 22730K, committed 22960K, reserved 1069056K
  class space    used 2507K, capacity 2777K, committed 2816K, reserved 1048576K
}
Event: 1379.794 GC heap before
{Heap before GC invocations=51 (full 1):
 PSYoungGen      total 67584K, used 67143K [0x000000076b300000, 0x000000076fa80000, 0x00000007c0000000)
  eden space 66048K, 100% used [0x000000076b300000,0x000000076f380000,0x000000076f380000)
  from space 1536K, 71% used [0x000000076f480000,0x000000076f591ee8,0x000000076f600000)
  to   space 3584K, 0% used [0x000000076f700000,0x000000076f700000,0x000000076fa80000)
 ParOldGen       total 98816K, used 10758K [0x00000006c1800000, 0x00000006c7880000, 0x000000076b300000)
  object space 98816K, 10% used [0x00000006c1800000,0x00000006c2281bc8,0x00000006c7880000)
 Metaspace       used 21729K, capacity 22730K, committed 22960K, reserved 1069056K
  class space    used 2507K, capacity 2777K, committed 2816K, reserved 1048576K
Event: 1379.795 GC heap after
Heap after GC invocations=51 (full 1):
 PSYoungGen      total 67584K, used 1359K [0x000000076b300000, 0x000000076f980000, 0x00000007c0000000)
  eden space 65024K, 0% used [0x000000076b300000,0x000000076b300000,0x000000076f280000)
  from space 2560K, 53% used [0x000000076f700000,0x000000076f853fb0,0x000000076f980000)
  to   space 3584K, 0% used [0x000000076f280000,0x000000076f280000,0x000000076f600000)
 ParOldGen       total 98816K, used 10758K [0x00000006c1800000, 0x00000006c7880000, 0x000000076b300000)
  object space 98816K, 10% used [0x00000006c1800000,0x00000006c2281bc8,0x00000006c7880000)
 Metaspace       used 21729K, capacity 22730K, committed 22960K, reserved 1069056K
  class space    used 2507K, capacity 2777K, committed 2816K, reserved 1048576K
}

