# JRE version: Java(TM) SE Runtime Environment (8.0_161-b12) (build 1.8.0_161-b12)
# Java VM: Java HotSpot(TM) 64-Bit Server VM (25.161-b12 mixed mode windows-amd64 compressed oops)
Heap:
 PSYoungGen      total 76288K, used 20946K [0x000000076b300000, 0x0000000770800000, 0x00000007c0000000)
  eden space 65536K, 15% used [0x000000076b300000,0x000000076bcf9ef0,0x000000076f300000)
  from space 10752K, 99% used [0x000000076fd80000,0x00000007707faa48,0x0000000770800000)
  to   space 10752K, 0% used [0x000000076f300000,0x000000076f300000,0x000000076fd80000)
 ParOldGen       total 175104K, used 38856K [0x00000006c1800000, 0x00000006cc300000, 0x000000076b300000)
  object space 175104K, 22% used [0x00000006c1800000,0x00000006c3df20a0,0x00000006cc300000)
 Metaspace       used 18375K, capacity 19232K, committed 19456K, reserved 1067008K
  class space    used 2198K, capacity 2456K, committed 2560K, reserved 1048576K
GC Heap History (8 events):
Event: 0.998 GC heap before
{Heap before GC invocations=1 (full 0):
 PSYoungGen      total 76288K, used 65536K [0x000000076b300000, 0x0000000770800000, 0x00000007c0000000)
  eden space 65536K, 100% used [0x000000076b300000,0x000000076f300000,0x000000076f300000)
  from space 10752K, 0% used [0x000000076fd80000,0x000000076fd80000,0x0000000770800000)
  to   space 10752K, 0% used [0x000000076f300000,0x000000076f300000,0x000000076fd80000)
 ParOldGen       total 175104K, used 0K [0x00000006c1800000, 0x00000006cc300000, 0x000000076b300000)
  object space 175104K, 0% used [0x00000006c1800000,0x00000006c1800000,0x00000006cc300000)
 Metaspace       used 10488K, capacity 10720K, committed 11008K, reserved 1058816K
  class space    used 1154K, capacity 1230K, committed 1280K, reserved 1048576K
Event: 1.011 GC heap after
Heap after GC invocations=1 (full 0):
 PSYoungGen      total 76288K, used 10746K [0x000000076b300000, 0x0000000770800000, 0x00000007c0000000)
  eden space 65536K, 0% used [0x000000076b300000,0x000000076b300000,0x000000076f300000)
  from space 10752K, 99% used [0x000000076f300000,0x000000076fd7e908,0x000000076fd80000)
  to   space 10752K, 0% used [0x000000076fd80000,0x000000076fd80000,0x0000000770800000)
 ParOldGen       total 175104K, used 7262K [0x00000006c1800000, 0x00000006cc300000, 0x000000076b300000)
  object space 175104K, 4% used [0x00000006c1800000,0x00000006c1f17850,0x00000006cc300000)
 Metaspace       used 10488K, capacity 10720K, committed 11008K, reserved 1058816K
  class space    used 1154K, capacity 1230K, committed 1280K, reserved 1048576K
}
Event: 1.254 GC heap before
{Heap before GC invocations=2 (full 0):
 PSYoungGen      total 76288K, used 76282K [0x000000076b300000, 0x0000000770800000, 0x00000007c0000000)
  eden space 65536K, 100% used [0x000000076b300000,0x000000076f300000,0x000000076f300000)
  from space 10752K, 99% used [0x000000076f300000,0x000000076fd7e908,0x000000076fd80000)
  to   space 10752K, 0% used [0x000000076fd80000,0x000000076fd80000,0x0000000770800000)
 ParOldGen       total 175104K, used 7262K [0x00000006c1800000, 0x00000006cc300000, 0x000000076b300000)
  object space 175104K, 4% used [0x00000006c1800000,0x00000006c1f17850,0x00000006cc300000)
 Metaspace       used 10765K, capacity 11028K, committed 11264K, reserved 1058816K
  class space    used 1172K, capacity 1260K, committed 1280K, reserved 1048576K
Event: 1.279 GC heap after
Heap after GC invocations=2 (full 0):
 PSYoungGen      total 76288K, used 10735K [0x000000076b300000, 0x0000000770800000, 0x00000007c0000000)
  eden space 65536K, 0% used [0x000000076b300000,0x000000076b300000,0x000000076f300000)
  from space 10752K, 99% used [0x000000076fd80000,0x00000007707fbf08,0x0000000770800000)
  to   space 10752K, 0% used [0x000000076f300000,0x000000076f300000,0x000000076fd80000)
 ParOldGen       total 175104K, used 17826K [0x00000006c1800000, 0x00000006cc300000, 0x000000076b300000)
  object space 175104K, 10% used [0x00000006c1800000,0x00000006c29689c8,0x00000006cc300000)
 Metaspace       used 10765K, capacity 11028K, committed 11264K, reserved 1058816K
  class space    used 1172K, capacity 1260K, committed 1280K, reserved 1048576K
}
Event: 1.449 GC heap before
{Heap before GC invocations=3 (full 0):
 PSYoungGen      total 76288K, used 76271K [0x000000076b300000, 0x0000000770800000, 0x00000007c0000000)
  eden space 65536K, 100% used [0x000000076b300000,0x000000076f300000,0x000000076f300000)
  from space 10752K, 99% used [0x000000076fd80000,0x00000007707fbf08,0x0000000770800000)
  to   space 10752K, 0% used [0x000000076f300000,0x000000076f300000,0x000000076fd80000)
 ParOldGen       total 175104K, used 17826K [0x00000006c1800000, 0x00000006cc300000, 0x000000076b300000)
  object space 175104K, 10% used [0x00000006c1800000,0x00000006c29689c8,0x00000006cc300000)
 Metaspace       used 10806K, capacity 11104K, committed 11264K, reserved 1058816K
  class space    used 1174K, capacity 1262K, committed 1280K, reserved 1048576K
Event: 1.459 GC heap after
Heap after GC invocations=3 (full 0):
 PSYoungGen      total 76288K, used 10727K [0x000000076b300000, 0x0000000770800000, 0x00000007c0000000)
  eden space 65536K, 0% used [0x000000076b300000,0x000000076b300000,0x000000076f300000)
  from space 10752K, 99% used [0x000000076f300000,0x000000076fd79fd0,0x000000076fd80000)
  to   space 10752K, 0% used [0x000000076fd80000,0x000000076fd80000,0x0000000770800000)
 ParOldGen       total 175104K, used 21919K [0x00000006c1800000, 0x00000006cc300000, 0x000000076b300000)
  object space 175104K, 12% used [0x00000006c1800000,0x00000006c2d67e08,0x00000006cc300000)
 Metaspace       used 10806K, capacity 11104K, committed 11264K, reserved 1058816K
  class space    used 1174K, capacity 1262K, committed 1280K, reserved 1048576K
}
Event: 1.992 GC heap before
{Heap before GC invocations=4 (full 0):
 PSYoungGen      total 76288K, used 76263K [0x000000076b300000, 0x0000000770800000, 0x00000007c0000000)
  eden space 65536K, 100% used [0x000000076b300000,0x000000076f300000,0x000000076f300000)
  from space 10752K, 99% used [0x000000076f300000,0x000000076fd79fd0,0x000000076fd80000)
  to   space 10752K, 0% used [0x000000076fd80000,0x000000076fd80000,0x0000000770800000)
 ParOldGen       total 175104K, used 21919K [0x00000006c1800000, 0x00000006cc300000, 0x000000076b300000)
  object space 175104K, 12% used [0x00000006c1800000,0x00000006c2d67e08,0x00000006cc300000)
 Metaspace       used 16394K, capacity 16818K, committed 16896K, reserved 1064960K
  class space    used 1873K, capacity 2029K, committed 2048K, reserved 1048576K
Event: 2.009 GC heap after
Heap after GC invocations=4 (full 0):
 PSYoungGen      total 76288K, used 10730K [0x000000076b300000, 0x0000000770800000, 0x00000007c0000000)
  eden space 65536K, 0% used [0x000000076b300000,0x000000076b300000,0x000000076f300000)
  from space 10752K, 99% used [0x000000076fd80000,0x00000007707faa48,0x0000000770800000)
  to   space 10752K, 0% used [0x000000076f300000,0x000000076f300000,0x000000076fd80000)
 ParOldGen       total 175104K, used 38856K [0x00000006c1800000, 0x00000006cc300000, 0x000000076b300000)
  object space 175104K, 22% used [0x00000006c1800000,0x00000006c3df20a0,0x00000006cc300000)
 Metaspace       used 16394K, capacity 16818K, committed 16896K, reserved 1064960K
  class space    used 1873K, capacity 2029K, committed 2048K, reserved 1048576K
}

