# JRE version: Java(TM) SE Runtime Environment (8.0_161-b12) (build 1.8.0_161-b12)
# Java VM: Java HotSpot(TM) 64-Bit Server VM (25.161-b12 mixed mode windows-amd64 compressed oops)
Heap:
 PSYoungGen      total 119296K, used 19048K [0x000000076b300000, 0x0000000773e80000, 0x00000007c0000000)
  eden space 103936K, 16% used [0x000000076b300000,0x000000076c3d6e78,0x0000000771880000)
  from space 15360K, 11% used [0x0000000772f80000,0x0000000773143550,0x0000000773e80000)
  to   space 19456K, 0% used [0x0000000771880000,0x0000000771880000,0x0000000772b80000)
 ParOldGen       total 91648K, used 8622K [0x00000006c1800000, 0x00000006c7180000, 0x000000076b300000)
  object space 91648K, 9% used [0x00000006c1800000,0x00000006c206b968,0x00000006c7180000)
 Metaspace       used 21494K, capacity 22406K, committed 22704K, reserved 1069056K
  class space    used 2484K, capacity 2755K, committed 2816K, reserved 1048576K
GC Heap History (10 events):
Event: 97.426 GC heap before
{Heap before GC invocations=9 (full 1):
 PSYoungGen      total 120832K, used 120407K [0x000000076b300000, 0x0000000775500000, 0x00000007c0000000)
  eden space 119808K, 100% used [0x000000076b300000,0x0000000772800000,0x0000000772800000)
  from space 1024K, 58% used [0x0000000772b80000,0x0000000772c15d80,0x0000000772c80000)
  to   space 23040K, 0% used [0x0000000773e80000,0x0000000773e80000,0x0000000775500000)
 ParOldGen       total 91648K, used 8534K [0x00000006c1800000, 0x00000006c7180000, 0x000000076b300000)
  object space 91648K, 9% used [0x00000006c1800000,0x00000006c2055968,0x00000006c7180000)
 Metaspace       used 20920K, capacity 21776K, committed 21936K, reserved 1069056K
  class space    used 2455K, capacity 2720K, committed 2816K, reserved 1048576K
Event: 97.427 GC heap after
Heap after GC invocations=9 (full 1):
 PSYoungGen      total 134656K, used 1109K [0x000000076b300000, 0x0000000775080000, 0x00000007c0000000)
  eden space 116224K, 0% used [0x000000076b300000,0x000000076b300000,0x0000000772480000)
  from space 18432K, 6% used [0x0000000773e80000,0x0000000773f957e0,0x0000000775080000)
  to   space 22528K, 0% used [0x0000000772480000,0x0000000772480000,0x0000000773a80000)
 ParOldGen       total 91648K, used 8566K [0x00000006c1800000, 0x00000006c7180000, 0x000000076b300000)
  object space 91648K, 9% used [0x00000006c1800000,0x00000006c205d968,0x00000006c7180000)
 Metaspace       used 20920K, capacity 21776K, committed 21936K, reserved 1069056K
  class space    used 2455K, capacity 2720K, committed 2816K, reserved 1048576K
}
Event: 97.928 GC heap before
{Heap before GC invocations=10 (full 1):
 PSYoungGen      total 134656K, used 117333K [0x000000076b300000, 0x0000000775080000, 0x00000007c0000000)
  eden space 116224K, 100% used [0x000000076b300000,0x0000000772480000,0x0000000772480000)
  from space 18432K, 6% used [0x0000000773e80000,0x0000000773f957e0,0x0000000775080000)
  to   space 22528K, 0% used [0x0000000772480000,0x0000000772480000,0x0000000773a80000)
 ParOldGen       total 91648K, used 8566K [0x00000006c1800000, 0x00000006c7180000, 0x000000076b300000)
  object space 91648K, 9% used [0x00000006c1800000,0x00000006c205d968,0x00000006c7180000)
 Metaspace       used 20934K, capacity 21780K, committed 21936K, reserved 1069056K
  class space    used 2455K, capacity 2720K, committed 2816K, reserved 1048576K
Event: 97.928 GC heap after
Heap after GC invocations=10 (full 1):
 PSYoungGen      total 114688K, used 1120K [0x000000076b300000, 0x0000000774c80000, 0x00000007c0000000)
  eden space 113152K, 0% used [0x000000076b300000,0x000000076b300000,0x0000000772180000)
  from space 1536K, 72% used [0x0000000772480000,0x00000007725983d0,0x0000000772600000)
  to   space 22016K, 0% used [0x0000000773700000,0x0000000773700000,0x0000000774c80000)
 ParOldGen       total 91648K, used 8582K [0x00000006c1800000, 0x00000006c7180000, 0x000000076b300000)
  object space 91648K, 9% used [0x00000006c1800000,0x00000006c2061968,0x00000006c7180000)
 Metaspace       used 20934K, capacity 21780K, committed 21936K, reserved 1069056K
  class space    used 2455K, capacity 2720K, committed 2816K, reserved 1048576K
}
Event: 117.557 GC heap before
{Heap before GC invocations=11 (full 1):
 PSYoungGen      total 114688K, used 114272K [0x000000076b300000, 0x0000000774c80000, 0x00000007c0000000)
  eden space 113152K, 100% used [0x000000076b300000,0x0000000772180000,0x0000000772180000)
  from space 1536K, 72% used [0x0000000772480000,0x00000007725983d0,0x0000000772600000)
  to   space 22016K, 0% used [0x0000000773700000,0x0000000773700000,0x0000000774c80000)
 ParOldGen       total 91648K, used 8582K [0x00000006c1800000, 0x00000006c7180000, 0x000000076b300000)
  object space 91648K, 9% used [0x00000006c1800000,0x00000006c2061968,0x00000006c7180000)
 Metaspace       used 21121K, capacity 22036K, committed 22192K, reserved 1069056K
  class space    used 2464K, capacity 2720K, committed 2816K, reserved 1048576K
Event: 117.558 GC heap after
Heap after GC invocations=11 (full 1):
 PSYoungGen      total 126976K, used 841K [0x000000076b300000, 0x0000000774780000, 0x00000007c0000000)
  eden space 110080K, 0% used [0x000000076b300000,0x000000076b300000,0x0000000771e80000)
  from space 16896K, 4% used [0x0000000773700000,0x00000007737d2508,0x0000000774780000)
  to   space 20992K, 0% used [0x0000000771e80000,0x0000000771e80000,0x0000000773300000)
 ParOldGen       total 91648K, used 8606K [0x00000006c1800000, 0x00000006c7180000, 0x000000076b300000)
  object space 91648K, 9% used [0x00000006c1800000,0x00000006c2067968,0x00000006c7180000)
 Metaspace       used 21121K, capacity 22036K, committed 22192K, reserved 1069056K
  class space    used 2464K, capacity 2720K, committed 2816K, reserved 1048576K
}
Event: 145.675 GC heap before
{Heap before GC invocations=12 (full 1):
 PSYoungGen      total 126976K, used 110921K [0x000000076b300000, 0x0000000774780000, 0x00000007c0000000)
  eden space 110080K, 100% used [0x000000076b300000,0x0000000771e80000,0x0000000771e80000)
  from space 16896K, 4% used [0x0000000773700000,0x00000007737d2508,0x0000000774780000)
  to   space 20992K, 0% used [0x0000000771e80000,0x0000000771e80000,0x0000000773300000)
 ParOldGen       total 91648K, used 8606K [0x00000006c1800000, 0x00000006c7180000, 0x000000076b300000)
  object space 91648K, 9% used [0x00000006c1800000,0x00000006c2067968,0x00000006c7180000)
 Metaspace       used 21291K, capacity 22246K, committed 22448K, reserved 1069056K
  class space    used 2469K, capacity 2723K, committed 2816K, reserved 1048576K
Event: 145.677 GC heap after
Heap after GC invocations=12 (full 1):
 PSYoungGen      total 108544K, used 1118K [0x000000076b300000, 0x0000000774380000, 0x00000007c0000000)
  eden space 107008K, 0% used [0x000000076b300000,0x000000076b300000,0x0000000771b80000)
  from space 1536K, 72% used [0x0000000771e80000,0x0000000771f97b88,0x0000000772000000)
  to   space 20480K, 0% used [0x0000000772f80000,0x0000000772f80000,0x0000000774380000)
 ParOldGen       total 91648K, used 8614K [0x00000006c1800000, 0x00000006c7180000, 0x000000076b300000)
  object space 91648K, 9% used [0x00000006c1800000,0x00000006c2069968,0x00000006c7180000)
 Metaspace       used 21291K, capacity 22246K, committed 22448K, reserved 1069056K
  class space    used 2469K, capacity 2723K, committed 2816K, reserved 1048576K
}
Event: 164.391 GC heap before
{Heap before GC invocations=13 (full 1):
 PSYoungGen      total 108544K, used 108126K [0x000000076b300000, 0x0000000774380000, 0x00000007c0000000)
  eden space 107008K, 100% used [0x000000076b300000,0x0000000771b80000,0x0000000771b80000)
  from space 1536K, 72% used [0x0000000771e80000,0x0000000771f97b88,0x0000000772000000)
  to   space 20480K, 0% used [0x0000000772f80000,0x0000000772f80000,0x0000000774380000)
 ParOldGen       total 91648K, used 8614K [0x00000006c1800000, 0x00000006c7180000, 0x000000076b300000)
  object space 91648K, 9% used [0x00000006c1800000,0x00000006c2069968,0x00000006c7180000)
 Metaspace       used 21493K, capacity 22406K, committed 22704K, reserved 1069056K
  class space    used 2484K, capacity 2755K, committed 2816K, reserved 1048576K
Event: 164.393 GC heap after
Heap after GC invocations=13 (full 1):
 PSYoungGen      total 119296K, used 1805K [0x000000076b300000, 0x0000000773e80000, 0x00000007c0000000)
  eden space 103936K, 0% used [0x000000076b300000,0x000000076b300000,0x0000000771880000)
  from space 15360K, 11% used [0x0000000772f80000,0x0000000773143550,0x0000000773e80000)
  to   space 19456K, 0% used [0x0000000771880000,0x0000000771880000,0x0000000772b80000)
 ParOldGen       total 91648K, used 8622K [0x00000006c1800000, 0x00000006c7180000, 0x000000076b300000)
  object space 91648K, 9% used [0x00000006c1800000,0x00000006c206b968,0x00000006c7180000)
 Metaspace       used 21493K, capacity 22406K, committed 22704K, reserved 1069056K
  class space    used 2484K, capacity 2755K, committed 2816K, reserved 1048576K
}

