# JRE version: Java(TM) SE Runtime Environment (8.0_161-b12) (build 1.8.0_161-b12)
# Java VM: Java HotSpot(TM) 64-Bit Server VM (25.161-b12 mixed mode windows-amd64 compressed oops)
Heap:
 PSYoungGen      total 141824K, used 34717K [0x000000076b300000, 0x000000077c800000, 0x00000007c0000000)
  eden space 131072K, 18% used [0x000000076b300000,0x000000076ca68e08,0x0000000773300000)
  from space 10752K, 99% used [0x0000000773300000,0x0000000773d7e978,0x0000000773d80000)
  to   space 10752K, 0% used [0x000000077bd80000,0x000000077bd80000,0x000000077c800000)
 ParOldGen       total 175104K, used 25274K [0x00000006c1800000, 0x00000006cc300000, 0x000000076b300000)
  object space 175104K, 14% used [0x00000006c1800000,0x00000006c30ae9f0,0x00000006cc300000)
 Metaspace       used 19817K, capacity 20698K, committed 20864K, reserved 1067008K
  class space    used 2390K, capacity 2619K, committed 2688K, reserved 1048576K
GC Heap History (6 events):
Event: 1.024 GC heap before
{Heap before GC invocations=1 (full 0):
 PSYoungGen      total 76288K, used 65536K [0x000000076b300000, 0x0000000770800000, 0x00000007c0000000)
  eden space 65536K, 100% used [0x000000076b300000,0x000000076f300000,0x000000076f300000)
  from space 10752K, 0% used [0x000000076fd80000,0x000000076fd80000,0x0000000770800000)
  to   space 10752K, 0% used [0x000000076f300000,0x000000076f300000,0x000000076fd80000)
 ParOldGen       total 175104K, used 0K [0x00000006c1800000, 0x00000006cc300000, 0x000000076b300000)
  object space 175104K, 0% used [0x00000006c1800000,0x00000006c1800000,0x00000006cc300000)
 Metaspace       used 10488K, capacity 10656K, committed 10752K, reserved 1058816K
  class space    used 1154K, capacity 1230K, committed 1280K, reserved 1048576K
Event: 1.037 GC heap after
Heap after GC invocations=1 (full 0):
 PSYoungGen      total 76288K, used 10738K [0x000000076b300000, 0x0000000774800000, 0x00000007c0000000)
  eden space 65536K, 0% used [0x000000076b300000,0x000000076b300000,0x000000076f300000)
  from space 10752K, 99% used [0x000000076f300000,0x000000076fd7c8c0,0x000000076fd80000)
  to   space 10752K, 0% used [0x0000000773d80000,0x0000000773d80000,0x0000000774800000)
 ParOldGen       total 175104K, used 7263K [0x00000006c1800000, 0x00000006cc300000, 0x000000076b300000)
  object space 175104K, 4% used [0x00000006c1800000,0x00000006c1f17cf0,0x00000006cc300000)
 Metaspace       used 10488K, capacity 10656K, committed 10752K, reserved 1058816K
  class space    used 1154K, capacity 1230K, committed 1280K, reserved 1048576K
}
Event: 1.268 GC heap before
{Heap before GC invocations=2 (full 0):
 PSYoungGen      total 76288K, used 76274K [0x000000076b300000, 0x0000000774800000, 0x00000007c0000000)
  eden space 65536K, 100% used [0x000000076b300000,0x000000076f300000,0x000000076f300000)
  from space 10752K, 99% used [0x000000076f300000,0x000000076fd7c8c0,0x000000076fd80000)
  to   space 10752K, 0% used [0x0000000773d80000,0x0000000773d80000,0x0000000774800000)
 ParOldGen       total 175104K, used 7263K [0x00000006c1800000, 0x00000006cc300000, 0x000000076b300000)
  object space 175104K, 4% used [0x00000006c1800000,0x00000006c1f17cf0,0x00000006cc300000)
 Metaspace       used 10768K, capacity 11028K, committed 11264K, reserved 1058816K
  class space    used 1172K, capacity 1260K, committed 1280K, reserved 1048576K
Event: 1.286 GC heap after
Heap after GC invocations=2 (full 0):
 PSYoungGen      total 141824K, used 10746K [0x000000076b300000, 0x0000000774800000, 0x00000007c0000000)
  eden space 131072K, 0% used [0x000000076b300000,0x000000076b300000,0x0000000773300000)
  from space 10752K, 99% used [0x0000000773d80000,0x00000007747fe908,0x0000000774800000)
  to   space 10752K, 0% used [0x0000000773300000,0x0000000773300000,0x0000000773d80000)
 ParOldGen       total 175104K, used 17791K [0x00000006c1800000, 0x00000006cc300000, 0x000000076b300000)
  object space 175104K, 10% used [0x00000006c1800000,0x00000006c295fd60,0x00000006cc300000)
 Metaspace       used 10768K, capacity 11028K, committed 11264K, reserved 1058816K
  class space    used 1172K, capacity 1260K, committed 1280K, reserved 1048576K
}
Event: 1.984 GC heap before
{Heap before GC invocations=3 (full 0):
 PSYoungGen      total 141824K, used 141818K [0x000000076b300000, 0x0000000774800000, 0x00000007c0000000)
  eden space 131072K, 100% used [0x000000076b300000,0x0000000773300000,0x0000000773300000)
  from space 10752K, 99% used [0x0000000773d80000,0x00000007747fe908,0x0000000774800000)
  to   space 10752K, 0% used [0x0000000773300000,0x0000000773300000,0x0000000773d80000)
 ParOldGen       total 175104K, used 17791K [0x00000006c1800000, 0x00000006cc300000, 0x000000076b300000)
  object space 175104K, 10% used [0x00000006c1800000,0x00000006c295fd60,0x00000006cc300000)
 Metaspace       used 16268K, capacity 16652K, committed 16896K, reserved 1064960K
  class space    used 1862K, capacity 1996K, committed 2048K, reserved 1048576K
Event: 1.999 GC heap after
Heap after GC invocations=3 (full 0):
 PSYoungGen      total 141824K, used 10746K [0x000000076b300000, 0x000000077c800000, 0x00000007c0000000)
  eden space 131072K, 0% used [0x000000076b300000,0x000000076b300000,0x0000000773300000)
  from space 10752K, 99% used [0x0000000773300000,0x0000000773d7e978,0x0000000773d80000)
  to   space 10752K, 0% used [0x000000077bd80000,0x000000077bd80000,0x000000077c800000)
 ParOldGen       total 175104K, used 25274K [0x00000006c1800000, 0x00000006cc300000, 0x000000076b300000)
  object space 175104K, 14% used [0x00000006c1800000,0x00000006c30ae9f0,0x00000006cc300000)
 Metaspace       used 16268K, capacity 16652K, committed 16896K, reserved 1064960K
  class space    used 1862K, capacity 1996K, committed 2048K, reserved 1048576K
}

