# JRE version: Java(TM) SE Runtime Environment (8.0_161-b12) (build 1.8.0_161-b12)
# Java VM: Java HotSpot(TM) 64-Bit Server VM (25.161-b12 mixed mode windows-amd64 compressed oops)
Heap:
 PSYoungGen      total 575488K, used 190415K [0x000000076b300000, 0x0000000790580000, 0x00000007c0000000)
  eden space 557056K, 30% used [0x000000076b300000,0x0000000775af8af8,0x000000078d300000)
  from space 18432K, 99% used [0x000000078ea80000,0x000000078fc7b3c8,0x000000078fc80000)
  to   space 24064K, 0% used [0x000000078d300000,0x000000078d300000,0x000000078ea80000)
 ParOldGen       total 118272K, used 57690K [0x00000006c1800000, 0x00000006c8b80000, 0x000000076b300000)
  object space 118272K, 48% used [0x00000006c1800000,0x00000006c5056a58,0x00000006c8b80000)
 Metaspace       used 25344K, capacity 25944K, committed 26112K, reserved 1073152K
  class space    used 2822K, capacity 2980K, committed 3072K, reserved 1048576K
GC Heap History (10 events):
Event: 6.738 GC heap before
{Heap before GC invocations=15 (full 1):
 PSYoungGen      total 305664K, used 293024K [0x000000076b300000, 0x0000000785200000, 0x00000007c0000000)
  eden space 287744K, 100% used [0x000000076b300000,0x000000077cc00000,0x000000077cc00000)
  from space 17920K, 29% used [0x000000077cc00000,0x000000077d128010,0x000000077dd80000)
  to   space 17920K, 0% used [0x0000000784080000,0x0000000784080000,0x0000000785200000)
 ParOldGen       total 118272K, used 42485K [0x00000006c1800000, 0x00000006c8b80000, 0x000000076b300000)
  object space 118272K, 35% used [0x00000006c1800000,0x00000006c417d500,0x00000006c8b80000)
 Metaspace       used 22196K, capacity 22694K, committed 22960K, reserved 1069056K
  class space    used 2649K, capacity 2811K, committed 2816K, reserved 1048576K
Event: 6.744 GC heap after
Heap after GC invocations=15 (full 1):
 PSYoungGen      total 398848K, used 3136K [0x000000076b300000, 0x0000000784e00000, 0x00000007c0000000)
  eden space 385024K, 0% used [0x000000076b300000,0x000000076b300000,0x0000000782b00000)
  from space 13824K, 22% used [0x0000000784080000,0x0000000784390020,0x0000000784e00000)
  to   space 17920K, 0% used [0x0000000782b00000,0x0000000782b00000,0x0000000783c80000)
 ParOldGen       total 118272K, used 47789K [0x00000006c1800000, 0x00000006c8b80000, 0x000000076b300000)
  object space 118272K, 40% used [0x00000006c1800000,0x00000006c46ab510,0x00000006c8b80000)
 Metaspace       used 22196K, capacity 22694K, committed 22960K, reserved 1069056K
  class space    used 2649K, capacity 2811K, committed 2816K, reserved 1048576K
}
Event: 7.306 GC heap before
{Heap before GC invocations=16 (full 1):
 PSYoungGen      total 398848K, used 388160K [0x000000076b300000, 0x0000000784e00000, 0x00000007c0000000)
  eden space 385024K, 100% used [0x000000076b300000,0x0000000782b00000,0x0000000782b00000)
  from space 13824K, 22% used [0x0000000784080000,0x0000000784390020,0x0000000784e00000)
  to   space 17920K, 0% used [0x0000000782b00000,0x0000000782b00000,0x0000000783c80000)
 ParOldGen       total 118272K, used 47789K [0x00000006c1800000, 0x00000006c8b80000, 0x000000076b300000)
  object space 118272K, 40% used [0x00000006c1800000,0x00000006c46ab510,0x00000006c8b80000)
 Metaspace       used 22196K, capacity 22694K, committed 22960K, reserved 1069056K
  class space    used 2649K, capacity 2811K, committed 2816K, reserved 1048576K
Event: 7.310 GC heap after
Heap after GC invocations=16 (full 1):
 PSYoungGen      total 402944K, used 64K [0x000000076b300000, 0x000000078c200000, 0x00000007c0000000)
  eden space 385024K, 0% used [0x000000076b300000,0x000000076b300000,0x0000000782b00000)
  from space 17920K, 0% used [0x0000000782b00000,0x0000000782b10000,0x0000000783c80000)
  to   space 18432K, 0% used [0x000000078b000000,0x000000078b000000,0x000000078c200000)
 ParOldGen       total 118272K, used 50949K [0x00000006c1800000, 0x00000006c8b80000, 0x000000076b300000)
  object space 118272K, 43% used [0x00000006c1800000,0x00000006c49c1560,0x00000006c8b80000)
 Metaspace       used 22196K, capacity 22694K, committed 22960K, reserved 1069056K
  class space    used 2649K, capacity 2811K, committed 2816K, reserved 1048576K
}
Event: 7.822 GC heap before
{Heap before GC invocations=17 (full 1):
 PSYoungGen      total 402944K, used 385088K [0x000000076b300000, 0x000000078c200000, 0x00000007c0000000)
  eden space 385024K, 100% used [0x000000076b300000,0x0000000782b00000,0x0000000782b00000)
  from space 17920K, 0% used [0x0000000782b00000,0x0000000782b10000,0x0000000783c80000)
  to   space 18432K, 0% used [0x000000078b000000,0x000000078b000000,0x000000078c200000)
 ParOldGen       total 118272K, used 50949K [0x00000006c1800000, 0x00000006c8b80000, 0x000000076b300000)
  object space 118272K, 43% used [0x00000006c1800000,0x00000006c49c1560,0x00000006c8b80000)
 Metaspace       used 22196K, capacity 22694K, committed 22960K, reserved 1069056K
  class space    used 2649K, capacity 2811K, committed 2816K, reserved 1048576K
Event: 7.823 GC heap after
Heap after GC invocations=17 (full 1):
 PSYoungGen      total 491520K, used 32K [0x000000076b300000, 0x000000078b380000, 0x00000007c0000000)
  eden space 487936K, 0% used [0x000000076b300000,0x000000076b300000,0x0000000788f80000)
  from space 3584K, 0% used [0x000000078b000000,0x000000078b008000,0x000000078b380000)
  to   space 18432K, 0% used [0x0000000788f80000,0x0000000788f80000,0x000000078a180000)
 ParOldGen       total 118272K, used 50957K [0x00000006c1800000, 0x00000006c8b80000, 0x000000076b300000)
  object space 118272K, 43% used [0x00000006c1800000,0x00000006c49c3560,0x00000006c8b80000)
 Metaspace       used 22196K, capacity 22694K, committed 22960K, reserved 1069056K
  class space    used 2649K, capacity 2811K, committed 2816K, reserved 1048576K
}
Event: 8.648 GC heap before
{Heap before GC invocations=18 (full 1):
 PSYoungGen      total 491520K, used 487968K [0x000000076b300000, 0x000000078b380000, 0x00000007c0000000)
  eden space 487936K, 100% used [0x000000076b300000,0x0000000788f80000,0x0000000788f80000)
  from space 3584K, 0% used [0x000000078b000000,0x000000078b008000,0x000000078b380000)
  to   space 18432K, 0% used [0x0000000788f80000,0x0000000788f80000,0x000000078a180000)
 ParOldGen       total 118272K, used 50957K [0x00000006c1800000, 0x00000006c8b80000, 0x000000076b300000)
  object space 118272K, 43% used [0x00000006c1800000,0x00000006c49c3560,0x00000006c8b80000)
 Metaspace       used 22196K, capacity 22694K, committed 22960K, reserved 1069056K
  class space    used 2649K, capacity 2811K, committed 2816K, reserved 1048576K
Event: 8.650 GC heap after
Heap after GC invocations=18 (full 1):
 PSYoungGen      total 506368K, used 848K [0x000000076b300000, 0x000000078fc80000, 0x00000007c0000000)
  eden space 487936K, 0% used [0x000000076b300000,0x000000076b300000,0x0000000788f80000)
  from space 18432K, 4% used [0x0000000788f80000,0x0000000789054010,0x000000078a180000)
  to   space 18432K, 0% used [0x000000078ea80000,0x000000078ea80000,0x000000078fc80000)
 ParOldGen       total 118272K, used 50957K [0x00000006c1800000, 0x00000006c8b80000, 0x000000076b300000)
  object space 118272K, 43% used [0x00000006c1800000,0x00000006c49c3560,0x00000006c8b80000)
 Metaspace       used 22196K, capacity 22694K, committed 22960K, reserved 1069056K
  class space    used 2649K, capacity 2811K, committed 2816K, reserved 1048576K
}
Event: 11.196 GC heap before
{Heap before GC invocations=19 (full 1):
 PSYoungGen      total 506368K, used 488784K [0x000000076b300000, 0x000000078fc80000, 0x00000007c0000000)
  eden space 487936K, 100% used [0x000000076b300000,0x0000000788f80000,0x0000000788f80000)
  from space 18432K, 4% used [0x0000000788f80000,0x0000000789054010,0x000000078a180000)
  to   space 18432K, 0% used [0x000000078ea80000,0x000000078ea80000,0x000000078fc80000)
 ParOldGen       total 118272K, used 50957K [0x00000006c1800000, 0x00000006c8b80000, 0x000000076b300000)
  object space 118272K, 43% used [0x00000006c1800000,0x00000006c49c3560,0x00000006c8b80000)
 Metaspace       used 24337K, capacity 24876K, committed 24960K, reserved 1071104K
  class space    used 2730K, capacity 2876K, committed 2944K, reserved 1048576K
Event: 11.219 GC heap after
Heap after GC invocations=19 (full 1):
 PSYoungGen      total 575488K, used 18412K [0x000000076b300000, 0x0000000790580000, 0x00000007c0000000)
  eden space 557056K, 0% used [0x000000076b300000,0x000000076b300000,0x000000078d300000)
  from space 18432K, 99% used [0x000000078ea80000,0x000000078fc7b3c8,0x000000078fc80000)
  to   space 24064K, 0% used [0x000000078d300000,0x000000078d300000,0x000000078ea80000)
 ParOldGen       total 118272K, used 57690K [0x00000006c1800000, 0x00000006c8b80000, 0x000000076b300000)
  object space 118272K, 48% used [0x00000006c1800000,0x00000006c5056a58,0x00000006c8b80000)
 Metaspace       used 24337K, capacity 24876K, committed 24960K, reserved 1071104K
  class space    used 2730K, capacity 2876K, committed 2944K, reserved 1048576K
}

