<?xml version="1.0" encoding="UTF-8" ?>
<testsuite tests="2" failures="0" name="TestSuite" time="1,360.525" errors="0" skipped="0">
  <properties>
[...]
</properties>
  <testcase classname="com.tavant.kwutils.MyTestCaseExecuter" name="FE_LoanOnboarding002:Smoke Scenario Borrower LoanOnboarding With TestData :17bc:FE_1003-117b" time="494.144"/>
  <testcase classname="com.tavant.kwutils.MyTestCaseExecuter" name="FE_LoanOnboarding001:Smoke Scenario Borrower-New User and Co-Borrower-Existing User LoanOnboarding With TestData :100:FE_Facta-001" time="858.219"/>
</testsuite>